xrdfs: error while loading shared libraries: libreadline.so.6: cannot open shared object file: No such file or directory
/afs/desy.de/user/a/anstein/private/aisafety/SF/VHcc-cTagSF/Analyzer/condorDESY/condor_runscript_common_NoJEC.sh: line 59: 9697: Memory fault
cling::DynamicLibraryManager::loadLibrary(): /cvmfs/cms.cern.ch/slc6_amd64_gcc630/lcg/root/6.12.07-gnimlf4/lib/libNetxNG.so: undefined symbol: _ZN14EnvInitializerD1Ev
Error in <TInterpreter::TCling::AutoLoad>: failure loading library libNetxNG.so for TNetXNGSystem

 *** Break *** segmentation violation



===========================================================
There was a crash.
This is the entire stack trace of all threads:
===========================================================
#0  0x00002af386ae64fc in waitpid () from /lib64/libc.so.6
#1  0x00002af386a63fb2 in do_system () from /lib64/libc.so.6
#2  0x00002af3886a3be8 in TUnixSystem::StackTrace() () from /cvmfs/cms.cern.ch/slc6_amd64_gcc630/cms/cmssw/CMSSW_10_2_0_pre6/external/slc6_amd64_gcc630/lib/libCore.so
#3  0x00002af3886a60ec in TUnixSystem::DispatchSignals(ESignals) () from /cvmfs/cms.cern.ch/slc6_amd64_gcc630/cms/cmssw/CMSSW_10_2_0_pre6/external/slc6_amd64_gcc630/lib/libCore.so
#4  <signal handler called>
#5  0x0000000000010fd6 in ?? ()
#6  0x00002af3975e93d3 in ROOT_Plugin_TNetXNGSystem(char const*, bool) () from /cvmfs/cms.cern.ch/slc6_amd64_gcc630/lcg/root/6.12.07-gnimlf4/lib/libNetxNG.so
#7  0x00002af397da104c in ?? ()
#8  0x0000000000000008 in ?? ()
#9  0x00007ffd77096a00 in ?? ()
#10 0x00007ffd77096a00 in ?? ()
#11 0x00007ffd77096828 in ?? ()
#12 0x0000000277096770 in ?? ()
#13 0x0000000000000000 in ?? ()
===========================================================


The lines below might hint at the cause of the crash.
You may get help by asking at the ROOT forum http://root.cern.ch/forum.
Only if you are really convinced it is a bug in ROOT then please submit a
report at http://root.cern.ch/bugs. Please post the ENTIRE stack trace
from above as an attachment in addition to anything else
that might help us fixing this issue.
===========================================================
#5  0x0000000000010fd6 in ?? ()
#6  0x00002af3975e93d3 in ROOT_Plugin_TNetXNGSystem(char const*, bool) () from /cvmfs/cms.cern.ch/slc6_amd64_gcc630/lcg/root/6.12.07-gnimlf4/lib/libNetxNG.so
#7  0x00002af397da104c in ?? ()
#8  0x0000000000000008 in ?? ()
#9  0x00007ffd77096a00 in ?? ()
#10 0x00007ffd77096a00 in ?? ()
#11 0x00007ffd77096828 in ?? ()
#12 0x0000000277096770 in ?? ()
#13 0x0000000000000000 in ?? ()
===========================================================


Traceback (most recent call last):
  File "WcSelection_new.py", line 96, in <module>
    iFile = TFile.Open(str('root://grid-cms-xrootd.physik.rwth-aachen.de:1094//store/user/anovak/PFNano/106X_v2_17/TTToSemiLeptonic_TuneCP5_13TeV-powheg-pythia8/RunIIFall17PFNanoAODv2-PU2017_12Apr2018_new_pmx_94X_mc2017_realistic_v14-v1PFNanoV2/210101_174326/0001/nano_mc2017_1-1708.root'))
TypeError: none of the 2 overloaded methods succeeded. Full details:
  static TFile* TFile::Open(const char* name, const char* option = "", const char* ftitle = "", int compress = 1, int netopt = 0) =>
    problem in C++; program state has been reset
  static TFile* TFile::Open(TFileOpenHandle* handle) =>
    could not convert argument 1
